Домашнее задание
Анализ и профилирование запроса

Цель:
Проанализировать план выполнения запроса, заценить на чем теряется время


Описание/Пошаговая инструкция выполнения домашнего задания:
возьмите сложную выборку из предыдущих ДЗ с несколькими join и подзапросами
постройте EXPLAIN в 3 формата
оцените план прохождения запроса, найдите самые тяжелые места
Задание со *:
оптимизировать запрос (можно использовать индексы, хинты, сбор статистики, гистограммы)
все действия и результаты опишите в README.md



------ вывод в TREE



EXPLAIN FORMAT = TREE SELECT manufactures.id_manufactures, name_manufactures, address, name_country, name_garland, price
FROM manufactures
LEFT JOIN country_manufactures ON country_manufactures.id_country = manufactures.id_country    
LEFT JOIN garland ON manufactures.id_manufactures = garland.id_manufactures
WHERE address = 'Ekaterinburg' OR address = 'Orenburg'
ORDER BY manufactures.id_manufactures;


Используется индекс PRIMARY KEY

В дальнейшем при большом объеме можно добавить индекс по наименованию в таблицу garland

Результат:


| -> Sort: manufactures.id_manufactures
    -> Stream results  (cost=1.11 rows=6)
        -> Left hash join (garland.id_manufactures = manufactures.id_manufactures)  (cost=1.11 rows=6)
            -> Nested loop left join  (cost=1.71 rows=2)
                -> Filter: ((manufactures.address = 'Ekaterinburg') or (manufactures.address = 'Orenburg'))  (cost=1.05 rows=2)
                    -> Table scan on manufactures  (cost=1.05 rows=8)
                -> Single-row index lookup on country_manufactures using PRIMARY (id_country=manufactures.id_country)  (cost=0.30 rows=1)
            -> Hash
                -> Table scan on garland  (cost=0.29 rows=3)
 |



------ вывод в JSON



EXPLAIN FORMAT = JSON SELECT manufactures.id_manufactures, name_manufactures, address, name_country, name_garland, price
FROM manufactures
LEFT JOIN country_manufactures ON country_manufactures.id_country = manufactures.id_country    
LEFT JOIN garland ON manufactures.id_manufactures = garland.id_manufactures
WHERE address = 'Ekaterinburg' OR address = 'Orenburg'
ORDER BY manufactures.id_manufactures;


Результат:


| {
  "query_block": {
    "select_id": 1,
    "cost_info": {
      "query_cost": "8.14"
    },
    "ordering_operation": {
      "using_temporary_table": true,
      "using_filesort": true,
      "cost_info": {
        "sort_cost": "5.62"
      },
      "nested_loop": [
        {
          "table": {
            "table_name": "manufactures",
            "access_type": "ALL",
            "rows_examined_per_scan": 8,
            "rows_produced_per_join": 1,
            "filtered": "23.44",
            "cost_info": {
              "read_cost": "0.86",
              "eval_cost": "0.19",
              "prefix_cost": "1.05",
              "data_read_per_join": "645"
            },
            "used_columns": [
              "id_manufactures",
              "name_manufactures",
              "address",
              "id_country"
            ],
            "attached_condition": "((`new_year_decoration`.`manufactures`.`address` = 'Ekaterinburg') or (`new_year_decoration`.`manufactures`.`address` = 'Orenburg'))"
          }
        },
        {
          "table": {
            "table_name": "country_manufactures",
            "access_type": "eq_ref",
            "possible_keys": [
              "PRIMARY",
              "id_country"
            ],
            "key": "PRIMARY",
            "used_key_parts": [
              "id_country"
            ],
            "key_length": "4",
            "ref": [
              "new_year_decoration.manufactures.id_country"
            ],
            "rows_examined_per_scan": 1,
            "rows_produced_per_join": 1,
            "filtered": "100.00",
            "cost_info": {
              "read_cost": "0.47",
              "eval_cost": "0.19",
              "prefix_cost": "1.71",
              "data_read_per_join": "255"
            },
            "used_columns": [
              "id_country",
              "name_country"
            ]
          }
        },
        {
          "table": {
            "table_name": "garland",
            "access_type": "ALL",
            "rows_examined_per_scan": 3,
            "rows_produced_per_join": 5,
            "filtered": "100.00",
            "using_join_buffer": "hash join",
            "cost_info": {
              "read_cost": "0.25",
              "eval_cost": "0.56",
              "prefix_cost": "2.52",
              "data_read_per_join": "2K"
            },
            "used_columns": [
              "id_garland",
              "name_garland",
              "id_manufactures",
              "price"
            ],
            "attached_condition": "<if>(is_not_null_compl(garland), (`new_year_decoration`.`garland`.`id_manufactures` = `new_year_decoration`.`manufactures`.`id_manufactures`), true)"
          }
        }
      ]
    }
  }
} |



------ EXPLAIN ANALYZE -- смотрим не только план, но и выполняем запрос и смотрим татистику по времени выполнения



EXPLAIN ANALYZE SELECT
    IF(GROUPING(name_spruce), 'All name', name_spruce) AS grp_name,
	SUM(price) AS 'price/quantity'
    FROM spruce
GROUP BY name_spruce WITH ROLLUP
UNION ALL
SELECT name_spruce, COUNT(*)
FROM spruce
GROUP BY name_spruce;


Используются индексы ind_spruce_name_price и ind_spruce_name

Результат:


| -> Append  (actual time=0.144..0.673 rows=17 loops=1)
    -> Stream results  (cost=36.45 rows=9) (actual time=0.143..0.453 rows=9 loops=1)
        -> Group aggregate with rollup: sum(spruce.price)  (cost=36.45 rows=9) (actual time=0.128..0.427 rows=9 loops=1)
            -> Covering index scan on spruce using ind_spruce_name_price  (cost=18.35 rows=181) (actual time=0.106..0.267 rows=181 loops=1)
    -> Stream results  (cost=36.45 rows=8) (actual time=0.062..0.213 rows=8 loops=1)
        -> Group aggregate: count(0)  (cost=36.45 rows=8) (actual time=0.058..0.204 rows=8 loops=1)
            -> Covering index scan on spruce using ind_spruce_name  (cost=18.35 rows=181) (actual time=0.049..0.117 rows=181 loops=1)
 |


